<?xml version="1.0" encoding="utf-8"?><testsuites name="pytest tests"><testsuite name="pytest" errors="0" failures="0" skipped="0" tests="18" time="8.681" timestamp="2026-07-21T16:00:08.387909+00:00" hostname="agent-env-29cdc2f1-4f3e-40f8-b258-2cc7e72bf2b6"><testcase classname="backend.tests.test_shopify_integration.TestHome" name="test_home_sections_200" time="0.458" /><testcase classname="backend.tests.test_shopify_integration.TestHome" name="test_home_rail_products_have_valid_fields" time="0.075" /><testcase classname="backend.tests.test_shopify_integration.TestCategories" name="test_categories_200_structure" time="0.070" /><testcase classname="backend.tests.test_shopify_integration.TestCollectionProducts" name="test_collection_products_valid_handle" time="0.410" /><testcase classname="backend.tests.test_shopify_integration.TestCollectionProducts" name="test_collection_products_invalid_handle_404" time="0.204" /><testcase classname="backend.tests.test_shopify_integration.TestCollectionProducts" name="test_collection_products_first_param_limit" time="0.063" /><testcase classname="backend.tests.test_shopify_integration.TestProductDetail" name="test_product_by_handle_valid" time="0.542" /><testcase classname="backend.tests.test_shopify_integration.TestProductDetail" name="test_product_by_handle_invalid_404" time="0.203" /><testcase classname="backend.tests.test_shopify_integration.TestSearch" name="test_search_returns_results" time="0.308" /><testcase classname="backend.tests.test_shopify_integration.TestSearch" name="test_search_no_results" time="0.229" /><testcase classname="backend.tests.test_shopify_integration.TestSearch" name="test_search_special_characters_no_crash" time="1.036" /><testcase classname="backend.tests.test_shopify_integration.TestSearch" name="test_search_missing_query_422" time="0.066" /><testcase classname="backend.tests.test_shopify_integration.TestCartLifecycle" name="test_full_cart_lifecycle" time="2.560" /><testcase classname="backend.tests.test_shopify_integration.TestCartLifecycle" name="test_get_cart_invalid_id_404_or_error" time="0.209" /><testcase classname="backend.tests.test_shopify_integration.TestCartLifecycle" name="test_create_cart_without_variant" time="0.440" /><testcase classname="backend.tests.test_shopify_integration.TestSecurity" name="test_token_not_in_any_response_body" time="0.698" /><testcase classname="backend.tests.test_shopify_integration.TestSecurity" name="test_token_not_in_backend_logs" time="0.003" /><testcase classname="backend.tests.test_shopify_integration.TestSecurity" name="test_no_shopify_domain_in_frontend_source" time="1.031" /></testsuite></testsuites>