<?xml version="1.0" encoding="utf-8"?><testsuites name="pytest tests"><testsuite name="pytest" errors="0" failures="0" skipped="0" tests="12" time="2.109" timestamp="2026-09-11T08:40:59.166696+00:00" hostname="agent-env-cd37da6e-b8f6-41d2-aae6-a6ac87cc4bf9"><testcase classname="tests.test_rider_set_password.TestSetPasswordSuccess" name="test_200_returns_rider_admin_out" time="1.134" /><testcase classname="tests.test_rider_set_password.TestSetPasswordSuccess" name="test_response_never_contains_password_or_hash" time="0.227" /><testcase classname="tests.test_rider_set_password.TestSetPasswordNotFound" name="test_404_missing_rider" time="0.226" /><testcase classname="tests.test_rider_set_password.TestSetPasswordUnauthorized" name="test_401_no_token" time="0.002" /><testcase classname="tests.test_rider_set_password.TestSetPasswordUnauthorized" name="test_401_garbage_token" time="0.001" /><testcase classname="tests.test_rider_set_password.TestSetPasswordForbidden" name="test_403_support_role_rejected" time="0.002" /><testcase classname="tests.test_rider_set_password.TestRiderLoginAfterReset" name="test_rider_cannot_login_with_old_password" time="0.224" /><testcase classname="tests.test_rider_set_password.TestRiderLoginAfterReset" name="test_rider_can_login_with_new_password" time="0.226" /><testcase classname="tests.test_rider_set_password.TestUnrelatedFieldsUnchanged" name="test_unrelated_fields_preserved" time="0.004" /><testcase classname="tests.test_rider_set_password.TestWeakPasswordRejected" name="test_400_password_too_short" time="0.002" /><testcase classname="tests.test_rider_set_password.TestAuditLogNoPassword" name="test_audit_log_entry_created" time="0.003" /><testcase classname="tests.test_rider_set_password.TestAuditLogNoPassword" name="test_audit_log_details_contain_no_password" time="0.005" /></testsuite></testsuites>