<?xml version="1.0" encoding="utf-8"?><testsuites name="pytest tests"><testsuite name="pytest" errors="0" failures="0" skipped="0" tests="8" time="1.322" timestamp="2026-07-21T17:57:25.113890+00:00" hostname="agent-env-29cdc2f1-4f3e-40f8-b258-2cc7e72bf2b6"><testcase classname="backend.tests.test_orders_iteration13.TestHealthAndRegression" name="test_backend_health" time="0.181" /><testcase classname="backend.tests.test_orders_iteration13.TestHealthAndRegression" name="test_me_returns_401_without_auth" time="0.140" /><testcase classname="backend.tests.test_orders_iteration13.TestHealthAndRegression" name="test_get_order_returns_401_without_auth" time="0.091" /><testcase classname="backend.tests.test_orders_iteration13.TestHealthAndRegression" name="test_authorize_url_endpoint_exists" time="0.109" /><testcase classname="backend.tests.test_orders_iteration13.TestHealthAndRegression" name="test_authorize_url_native_returns_valid_response" time="0.438" /><testcase classname="backend.tests.test_orders_iteration13.TestSchemasAndStructure" name="test_order_list_endpoint_401" time="0.100" /><testcase classname="backend.tests.test_orders_iteration13.TestSchemasAndStructure" name="test_refresh_returns_401_with_bad_token" time="0.104" /><testcase classname="backend.tests.test_orders_iteration13.TestSchemasAndStructure" name="test_logout_accepts_any_token" time="0.104" /></testsuite></testsuites>