<?xml version="1.0" encoding="utf-8"?><testsuites name="pytest tests"><testsuite name="pytest" errors="0" failures="0" skipped="0" tests="9" time="1.553" timestamp="2026-07-21T18:02:12.189809+00:00" hostname="agent-env-29cdc2f1-4f3e-40f8-b258-2cc7e72bf2b6"><testcase classname="backend.tests.test_orders_iteration14.TestOrderQueryParamEndpoint" name="test_orders_without_id_returns_422" time="0.265" /><testcase classname="backend.tests.test_orders_iteration14.TestOrderQueryParamEndpoint" name="test_orders_with_encoded_gid_returns_401_unauthenticated" time="0.115" /><testcase classname="backend.tests.test_orders_iteration14.TestOrderQueryParamEndpoint" name="test_orders_with_plain_id_returns_401_unauthenticated" time="0.108" /><testcase classname="backend.tests.test_orders_iteration14.TestOrderQueryParamEndpoint" name="test_old_path_segment_format_returns_404_or_401" time="0.097" /><testcase classname="backend.tests.test_orders_iteration14.TestAuthRegression" name="test_me_requires_auth" time="0.094" /><testcase classname="backend.tests.test_orders_iteration14.TestAuthRegression" name="test_authorize_url_native" time="0.474" /><testcase classname="backend.tests.test_orders_iteration14.TestAuthRegression" name="test_refresh_with_invalid_token_returns_401" time="0.130" /><testcase classname="backend.tests.test_orders_iteration14.TestAuthRegression" name="test_logout_is_idempotent" time="0.096" /><testcase classname="backend.tests.test_orders_iteration14.TestAuthRegression" name="test_addresses_requires_auth" time="0.120" /></testsuite></testsuites>