<?xml version="1.0" encoding="utf-8"?><testsuites name="pytest tests"><testsuite name="pytest" errors="0" failures="0" skipped="0" tests="51" time="4.879" timestamp="2026-07-22T15:22:28.584219+00:00" hostname="agent-env-48077ed6-fbf7-40d7-a0f9-ada213a44f58"><testcase classname="backend.tests.test_delivery_service_iteration16.TestStores" name="test_get_stores_returns_200" time="0.278" /><testcase classname="backend.tests.test_delivery_service_iteration16.TestStores" name="test_get_stores_returns_list" time="0.075" /><testcase classname="backend.tests.test_delivery_service_iteration16.TestStores" name="test_default_store_fields" time="0.074" /><testcase classname="backend.tests.test_delivery_service_iteration16.TestStores" name="test_store_settings_fields" time="0.071" /><testcase classname="backend.tests.test_delivery_service_iteration16.TestJobsList" name="test_list_jobs_returns_200" time="0.069" /><testcase classname="backend.tests.test_delivery_service_iteration16.TestJobsList" name="test_list_jobs_paginated_shape" time="0.104" /><testcase classname="backend.tests.test_delivery_service_iteration16.TestJobsList" name="test_list_jobs_default_pagination" time="0.074" /><testcase classname="backend.tests.test_delivery_service_iteration16.TestWebhookOrdersPaid" name="test_orders_paid_creates_job" time="0.076" /><testcase classname="backend.tests.test_delivery_service_iteration16.TestWebhookOrdersPaid" name="test_job_has_correct_shopify_gid" time="0.081" /><testcase classname="backend.tests.test_delivery_service_iteration16.TestWebhookOrdersPaid" name="test_job_has_correct_order_name" time="0.086" /><testcase classname="backend.tests.test_delivery_service_iteration16.TestWebhookOrdersPaid" name="test_job_initial_status_pending_assignment" time="0.071" /><testcase classname="backend.tests.test_delivery_service_iteration16.TestWebhookOrdersPaid" name="test_job_has_customer_email" time="0.069" /><testcase classname="backend.tests.test_delivery_service_iteration16.TestWebhookOrdersPaid" name="test_job_has_delivery_address" time="0.069" /><testcase classname="backend.tests.test_delivery_service_iteration16.TestWebhookOrdersPaid" name="test_job_has_order_items" time="0.070" /><testcase classname="backend.tests.test_delivery_service_iteration16.TestWebhookOrdersPaid" name="test_job_has_order_total" time="0.081" /><testcase classname="backend.tests.test_delivery_service_iteration16.TestWebhookOrdersPaid" name="test_job_has_delivery_instructions" time="0.068" /><testcase classname="backend.tests.test_delivery_service_iteration16.TestWebhookOrdersPaid" name="test_job_has_recent_events_with_webhook_actor" time="0.070" /><testcase classname="backend.tests.test_delivery_service_iteration16.TestWebhookOrdersPaid" name="test_idempotency_duplicate_webhook_returns_duplicate" time="0.086" /><testcase classname="backend.tests.test_delivery_service_iteration16.TestWebhookOrdersCancelled" name="test_setup_create_job_to_cancel" time="0.078" /><testcase classname="backend.tests.test_delivery_service_iteration16.TestWebhookOrdersCancelled" name="test_orders_cancelled_cancels_job" time="0.079" /><testcase classname="backend.tests.test_delivery_service_iteration16.TestWebhookOrdersCancelled" name="test_cancelled_job_status_is_cancelled" time="0.074" /><testcase classname="backend.tests.test_delivery_service_iteration16.TestWebhookOrdersCancelled" name="test_orders_cancelled_no_job_returns_no_job_found" time="0.076" /><testcase classname="backend.tests.test_delivery_service_iteration16.TestJobDetail" name="test_setup_create_job" time="0.073" /><testcase classname="backend.tests.test_delivery_service_iteration16.TestJobDetail" name="test_get_job_detail_200" time="0.086" /><testcase classname="backend.tests.test_delivery_service_iteration16.TestJobDetail" name="test_get_job_detail_fields" time="0.076" /><testcase classname="backend.tests.test_delivery_service_iteration16.TestJobDetail" name="test_get_job_detail_404_for_unknown_id" time="0.069" /><testcase classname="backend.tests.test_delivery_service_iteration16.TestJobDetail" name="test_filter_by_status_pending_assignment" time="0.073" /><testcase classname="backend.tests.test_delivery_service_iteration16.TestJobDetail" name="test_filter_by_status_excludes_others" time="0.071" /><testcase classname="backend.tests.test_delivery_service_iteration16.TestStateMachine" name="test_setup_create_job_for_lifecycle" time="0.080" /><testcase classname="backend.tests.test_delivery_service_iteration16.TestStateMachine" name="test_transition_pending_to_assigned" time="0.075" /><testcase classname="backend.tests.test_delivery_service_iteration16.TestStateMachine" name="test_transition_assigned_to_at_store" time="0.072" /><testcase classname="backend.tests.test_delivery_service_iteration16.TestStateMachine" name="test_transition_at_store_to_in_transit" time="0.071" /><testcase classname="backend.tests.test_delivery_service_iteration16.TestStateMachine" name="test_transition_in_transit_to_arrived" time="0.073" /><testcase classname="backend.tests.test_delivery_service_iteration16.TestStateMachine" name="test_transition_arrived_to_delivered" time="0.076" /><testcase classname="backend.tests.test_delivery_service_iteration16.TestStateMachine" name="test_terminal_delivered_cannot_be_modified" time="0.070" /><testcase classname="backend.tests.test_delivery_service_iteration16.TestStateMachine" name="test_events_accumulated_during_lifecycle" time="0.077" /><testcase classname="backend.tests.test_delivery_service_iteration16.TestInvalidTransitions" name="test_setup_create_job_for_invalid_transitions" time="0.293" /><testcase classname="backend.tests.test_delivery_service_iteration16.TestInvalidTransitions" name="test_in_transit_to_assigned_is_invalid" time="0.068" /><testcase classname="backend.tests.test_delivery_service_iteration16.TestInvalidTransitions" name="test_in_transit_to_cancelled_is_invalid" time="0.067" /><testcase classname="backend.tests.test_delivery_service_iteration16.TestCancelEndpoint" name="test_setup_create_job_to_cancel" time="0.083" /><testcase classname="backend.tests.test_delivery_service_iteration16.TestCancelEndpoint" name="test_cancel_pending_job" time="0.073" /><testcase classname="backend.tests.test_delivery_service_iteration16.TestCancelEndpoint" name="test_cancel_already_cancelled_returns_409" time="0.069" /><testcase classname="backend.tests.test_delivery_service_iteration16.TestInTransitCancelGuard" name="test_setup_create_and_advance_to_in_transit" time="0.285" /><testcase classname="backend.tests.test_delivery_service_iteration16.TestInTransitCancelGuard" name="test_orders_cancelled_does_not_cancel_in_transit" time="0.070" /><testcase classname="backend.tests.test_delivery_service_iteration16.TestInTransitCancelGuard" name="test_in_transit_job_still_in_transit_after_cancel_webhook" time="0.069" /><testcase classname="backend.tests.test_delivery_service_iteration16.TestInTransitCancelGuard" name="test_in_transit_job_has_warning_event" time="0.069" /><testcase classname="backend.tests.test_delivery_service_iteration16.TestExistingEndpoints" name="test_shopify_home_returns_200" time="0.635" /><testcase classname="backend.tests.test_delivery_service_iteration16.TestExistingEndpoints" name="test_shopify_categories_returns_200" time="0.070" /><testcase classname="backend.tests.test_delivery_service_iteration16.TestHmacVerification" name="test_invalid_hmac_returns_false_when_secret_set" time="0.001" /><testcase classname="backend.tests.test_delivery_service_iteration16.TestHmacVerification" name="test_valid_hmac_returns_true_when_secret_set" time="0.000" /><testcase classname="backend.tests.test_delivery_service_iteration16.TestHmacVerification" name="test_empty_secret_always_passes" time="0.001" /></testsuite></testsuites>