<?xml version="1.0" encoding="utf-8"?><testsuites name="pytest tests"><testsuite name="pytest" errors="0" failures="0" skipped="0" tests="9" time="4.251" timestamp="2026-07-21T17:03:13.374460+00:00" hostname="agent-env-29cdc2f1-4f3e-40f8-b258-2cc7e72bf2b6"><testcase classname="backend.tests.test_checkout_flow.TestCartGetWithTotalTax" name="test_get_cart_returns_total_tax_field" time="1.965" /><testcase classname="backend.tests.test_checkout_flow.TestCartGetWithTotalTax" name="test_get_cart_has_checkout_url" time="0.259" /><testcase classname="backend.tests.test_checkout_flow.TestCartGetWithTotalTax" name="test_get_cart_structure" time="0.192" /><testcase classname="backend.tests.test_checkout_flow.TestCartNoteUpdate" name="test_update_note_returns_ok" time="0.445" /><testcase classname="backend.tests.test_checkout_flow.TestCartNoteUpdate" name="test_update_empty_note" time="0.466" /><testcase classname="backend.tests.test_checkout_flow.TestCheckoutPrepare" name="test_prepare_checkout_returns_checkout_url" time="0.228" /><testcase classname="backend.tests.test_checkout_flow.TestCheckoutPrepare" name="test_prepare_checkout_has_is_valid" time="0.194" /><testcase classname="backend.tests.test_checkout_flow.TestCheckoutPrepare" name="test_prepare_checkout_has_cart" time="0.218" /><testcase classname="backend.tests.test_checkout_flow.TestCheckoutPrepare" name="test_prepare_invalid_cart_returns_404" time="0.224" /></testsuite></testsuites>