<?xml version="1.0" encoding="utf-8"?><testsuites name="pytest tests"><testsuite name="pytest" errors="0" failures="0" skipped="0" tests="18" time="16.969" timestamp="2026-07-20T17:10:12.519547+00:00" hostname="agent-env-7fbce911-7bc4-4cae-ac74-62e9ef7f08ce"><testcase classname="backend.tests.test_shopify_integration.TestHome" name="test_home_sections_200" time="0.724" /><testcase classname="backend.tests.test_shopify_integration.TestHome" name="test_home_rail_products_have_valid_fields" time="0.053" /><testcase classname="backend.tests.test_shopify_integration.TestCategories" name="test_categories_200_structure" time="0.067" /><testcase classname="backend.tests.test_shopify_integration.TestCollectionProducts" name="test_collection_products_valid_handle" time="0.275" /><testcase classname="backend.tests.test_shopify_integration.TestCollectionProducts" name="test_collection_products_invalid_handle_404" time="0.181" /><testcase classname="backend.tests.test_shopify_integration.TestCollectionProducts" name="test_collection_products_first_param_limit" time="0.080" /><testcase classname="backend.tests.test_shopify_integration.TestProductDetail" name="test_product_by_handle_valid" time="0.473" /><testcase classname="backend.tests.test_shopify_integration.TestProductDetail" name="test_product_by_handle_invalid_404" time="0.173" /><testcase classname="backend.tests.test_shopify_integration.TestSearch" name="test_search_returns_results" time="0.222" /><testcase classname="backend.tests.test_shopify_integration.TestSearch" name="test_search_no_results" time="0.207" /><testcase classname="backend.tests.test_shopify_integration.TestSearch" name="test_search_special_characters_no_crash" time="0.924" /><testcase classname="backend.tests.test_shopify_integration.TestSearch" name="test_search_missing_query_422" time="0.044" /><testcase classname="backend.tests.test_shopify_integration.TestCartLifecycle" name="test_full_cart_lifecycle" time="2.250" /><testcase classname="backend.tests.test_shopify_integration.TestCartLifecycle" name="test_get_cart_invalid_id_404_or_error" time="0.179" /><testcase classname="backend.tests.test_shopify_integration.TestCartLifecycle" name="test_create_cart_without_variant" time="0.390" /><testcase classname="backend.tests.test_shopify_integration.TestSecurity" name="test_token_not_in_any_response_body" time="0.520" /><testcase classname="backend.tests.test_shopify_integration.TestSecurity" name="test_token_not_in_backend_logs" time="0.008" /><testcase classname="backend.tests.test_shopify_integration.TestSecurity" name="test_no_shopify_domain_in_frontend_source" time="10.079" /></testsuite></testsuites>