<?xml version="1.0" encoding="utf-8"?><testsuites name="pytest tests"><testsuite name="pytest" errors="0" failures="0" skipped="0" tests="13" time="3.194" timestamp="2026-07-21T16:39:52.539598+00:00" hostname="agent-env-29cdc2f1-4f3e-40f8-b258-2cc7e72bf2b6"><testcase classname="backend.tests.test_auth_endpoints.TestAuthorizeUrl" name="test_native_platform_returns_authorize_url" time="0.349" /><testcase classname="backend.tests.test_auth_endpoints.TestAuthorizeUrl" name="test_web_platform_rejected_with_400" time="0.202" /><testcase classname="backend.tests.test_auth_endpoints.TestAuthorizeUrl" name="test_missing_code_challenge_returns_422" time="0.100" /><testcase classname="backend.tests.test_auth_endpoints.TestProtectedEndpointsGuestAccess" name="test_me_requires_auth" time="0.195" /><testcase classname="backend.tests.test_auth_endpoints.TestProtectedEndpointsGuestAccess" name="test_addresses_get_requires_auth" time="0.172" /><testcase classname="backend.tests.test_auth_endpoints.TestProtectedEndpointsGuestAccess" name="test_addresses_post_requires_auth" time="0.123" /><testcase classname="backend.tests.test_auth_endpoints.TestProtectedEndpointsGuestAccess" name="test_me_with_garbage_token_returns_401" time="0.167" /><testcase classname="backend.tests.test_auth_endpoints.TestRefreshAndLogout" name="test_refresh_with_invalid_token_returns_error" time="0.194" /><testcase classname="backend.tests.test_auth_endpoints.TestRefreshAndLogout" name="test_logout_with_invalid_token_is_idempotent_ok" time="0.120" /><testcase classname="backend.tests.test_auth_endpoints.TestRefreshAndLogout" name="test_refresh_missing_field_returns_422" time="0.175" /><testcase classname="backend.tests.test_auth_endpoints.TestExistingShopifyCatalogRegression" name="test_home_endpoint" time="0.757" /><testcase classname="backend.tests.test_auth_endpoints.TestExistingShopifyCatalogRegression" name="test_categories_endpoint" time="0.117" /><testcase classname="backend.tests.test_auth_endpoints.TestExistingShopifyCatalogRegression" name="test_cart_create_still_works_guest" time="0.465" /></testsuite></testsuites>