<?xml version="1.0" encoding="utf-8"?><testsuites name="pytest tests"><testsuite name="pytest" errors="0" failures="0" skipped="0" tests="43" time="1.759" timestamp="2026-09-11T18:15:19.048999+00:00" hostname="agent-env-cd37da6e-b8f6-41d2-aae6-a6ac87cc4bf9"><testcase classname="tests.test_e2e_delivery_flow.TestStep1JobExists" name="test_job_id_was_returned_by_webhook" time="1.143" /><testcase classname="tests.test_e2e_delivery_flow.TestStep1JobExists" name="test_job_initial_status_is_waiting_vendor" time="0.002" /><testcase classname="tests.test_e2e_delivery_flow.TestStep2AdminViewsJob" name="test_admin_can_list_delivery_jobs" time="0.003" /><testcase classname="tests.test_e2e_delivery_flow.TestStep2AdminViewsJob" name="test_admin_can_get_full_job_detail" time="0.002" /><testcase classname="tests.test_e2e_delivery_flow.TestStep2AdminViewsJob" name="test_admin_can_view_via_admin_dashboard_endpoint" time="0.002" /><testcase classname="tests.test_e2e_delivery_flow.TestStep3VendorWorkflowToPendingAssignment" name="test_01_to_vendor_accepted" time="0.002" /><testcase classname="tests.test_e2e_delivery_flow.TestStep3VendorWorkflowToPendingAssignment" name="test_02_to_preparing" time="0.002" /><testcase classname="tests.test_e2e_delivery_flow.TestStep3VendorWorkflowToPendingAssignment" name="test_03_to_ready_for_pickup" time="0.002" /><testcase classname="tests.test_e2e_delivery_flow.TestStep3VendorWorkflowToPendingAssignment" name="test_04_to_pending_assignment" time="0.002" /><testcase classname="tests.test_e2e_delivery_flow.TestStep4AdminAssignsRider" name="test_assign_rider_via_admin_endpoint" time="0.004" /><testcase classname="tests.test_e2e_delivery_flow.TestStep4AdminAssignsRider" name="test_job_status_is_assigned_after_assignment" time="0.002" /><testcase classname="tests.test_e2e_delivery_flow.TestStep5aRiderGetsCurrentJob" name="test_rider_current_job_returns_assigned_job" time="0.003" /><testcase classname="tests.test_e2e_delivery_flow.TestStep5aRiderGetsCurrentJob" name="test_rider_current_job_shape_is_full_delivery_job_out" time="0.002" /><testcase classname="tests.test_e2e_delivery_flow.TestStep5bLocationDataContract" name="test_delivery_address_has_coordinates_field" time="0.002" /><testcase classname="tests.test_e2e_delivery_flow.TestStep5bLocationDataContract" name="test_pickup_address_has_coordinates_field" time="0.002" /><testcase classname="tests.test_e2e_delivery_flow.TestStep5bLocationDataContract" name="test_delivery_address_has_human_readable_fields" time="0.002" /><testcase classname="tests.test_e2e_delivery_flow.TestStep5bLocationDataContract" name="test_pickup_address_has_human_readable_fields" time="0.002" /><testcase classname="tests.test_e2e_delivery_flow.TestStep5bLocationDataContract" name="test_coordinates_null_is_valid_api_contract" time="0.002" /><testcase classname="tests.test_e2e_delivery_flow.TestStep6PushTokenRegistration" name="test_push_token_accepted_by_backend" time="0.002" /><testcase classname="tests.test_e2e_delivery_flow.TestStep6PushTokenRegistration" name="test_push_token_stored_on_rider_document" time="0.002" /><testcase classname="tests.test_e2e_delivery_flow.TestStep7RiderStatusTransitions" name="test_01_assigned_to_at_store" time="0.002" /><testcase classname="tests.test_e2e_delivery_flow.TestStep7RiderStatusTransitions" name="test_02_at_store_to_in_transit" time="0.002" /><testcase classname="tests.test_e2e_delivery_flow.TestStep7RiderStatusTransitions" name="test_03_in_transit_to_arrived" time="0.002" /><testcase classname="tests.test_e2e_delivery_flow.TestStep7RiderStatusTransitions" name="test_04_arrived_to_delivered" time="0.002" /><testcase classname="tests.test_e2e_delivery_flow.TestStep7RiderStatusTransitions" name="test_05_delivered_is_terminal_cannot_transition" time="0.002" /><testcase classname="tests.test_e2e_delivery_flow.TestStep8StatusReflected" name="test_job_is_delivered_in_detail_api" time="0.002" /><testcase classname="tests.test_e2e_delivery_flow.TestStep8StatusReflected" name="test_recent_events_trail_contains_all_transitions" time="0.002" /><testcase classname="tests.test_e2e_delivery_flow.TestStep8StatusReflected" name="test_rider_actor_recorded_in_events" time="0.002" /><testcase classname="tests.test_e2e_delivery_flow.TestStep8StatusReflected" name="test_rider_current_job_is_null_after_delivery" time="0.002" /><testcase classname="tests.test_e2e_delivery_flow.TestStep8StatusReflected" name="test_delivered_job_appears_in_rider_history" time="0.003" /><testcase classname="tests.test_e2e_delivery_flow.TestStep9CustomerFacingDeliveryStatus" name="test_customer_delivery_endpoint_exists_and_requires_auth" time="0.001" /><testcase classname="tests.test_e2e_delivery_flow.TestStep9CustomerFacingDeliveryStatus" name="test_delivered_status_label_is_human_readable" time="0.002" /><testcase classname="tests.test_e2e_delivery_flow.TestStep9CustomerFacingDeliveryStatus" name="test_delivery_address_in_delivered_job" time="0.002" /><testcase classname="tests.test_e2e_delivery_flow.TestStep10MultiVendorSeparation" name="test_two_vendor_jobs_were_created" time="0.000" /><testcase classname="tests.test_e2e_delivery_flow.TestStep10MultiVendorSeparation" name="test_each_job_has_correct_items" time="0.003" /><testcase classname="tests.test_e2e_delivery_flow.TestStep10MultiVendorSeparation" name="test_jobs_share_same_shopify_order_id" time="0.003" /><testcase classname="tests.test_e2e_delivery_flow.TestStep10MultiVendorSeparation" name="test_cancelling_one_job_does_not_cancel_other" time="0.004" /><testcase classname="tests.test_e2e_delivery_flow.TestStep10MultiVendorSeparation" name="test_each_job_has_different_vendor_id" time="0.003" /><testcase classname="tests.test_e2e_delivery_flow.TestStep11Regression" name="test_admin_login_still_works" time="0.225" /><testcase classname="tests.test_e2e_delivery_flow.TestStep11Regression" name="test_rider_auth_login_still_works" time="0.225" /><testcase classname="tests.test_e2e_delivery_flow.TestStep11Regression" name="test_rider_stats_endpoint" time="0.003" /><testcase classname="tests.test_e2e_delivery_flow.TestStep11Regression" name="test_rider_history_returns_delivered_job" time="0.003" /><testcase classname="tests.test_e2e_delivery_flow.TestStep11Regression" name="test_admin_can_view_rider_stats" time="0.013" /></testsuite></testsuites>