<?xml version="1.0" encoding="utf-8"?><testsuites name="pytest tests"><testsuite name="pytest" errors="0" failures="0" skipped="1" tests="32" time="4.520" timestamp="2026-07-24T15:49:34.319098+00:00" hostname="agent-env-48077ed6-fbf7-40d7-a0f9-ada213a44f58"><testcase classname="backend.tests.test_vendor_backend_iteration18.TestAdminVendorCreate" name="test_create_vendor_success" time="0.384" /><testcase classname="backend.tests.test_vendor_backend_iteration18.TestAdminVendorCreate" name="test_create_vendor_duplicate_email_returns_409" time="0.050" /><testcase classname="backend.tests.test_vendor_backend_iteration18.TestAdminVendorCreate" name="test_assign_store_to_vendor" time="0.049" /><testcase classname="backend.tests.test_vendor_backend_iteration18.TestVendorAuth" name="test_login_success_returns_tokens" time="0.271" /><testcase classname="backend.tests.test_vendor_backend_iteration18.TestVendorAuth" name="test_login_wrong_password_returns_401" time="0.268" /><testcase classname="backend.tests.test_vendor_backend_iteration18.TestVendorAuth" name="test_refresh_token_rotates" time="0.046" /><testcase classname="backend.tests.test_vendor_backend_iteration18.TestVendorAuth" name="test_logout_revokes_token" time="0.399" /><testcase classname="backend.tests.test_vendor_backend_iteration18.TestVendorProfile" name="test_get_profile_with_jwt" time="0.353" /><testcase classname="backend.tests.test_vendor_backend_iteration18.TestVendorProfile" name="test_get_profile_without_token_returns_401" time="0.044" /><testcase classname="backend.tests.test_vendor_backend_iteration18.TestVendorProfile" name="test_update_status_open" time="0.053" /><testcase classname="backend.tests.test_vendor_backend_iteration18.TestVendorProfile" name="test_update_status_busy" time="0.046" /><testcase classname="backend.tests.test_vendor_backend_iteration18.TestRoleIsolation" name="test_rider_jwt_cannot_access_vendor_profile" time="0.319" /><testcase classname="backend.tests.test_vendor_backend_iteration18.TestRoleIsolation" name="test_customer_jwt_cannot_access_vendor_profile" time="0.046"><skipped type="pytest.skip" message="No customer credentials available for role isolation test">/app/backend/tests/test_vendor_backend_iteration18.py:240: No customer credentials available for role isolation test</skipped></testcase><testcase classname="backend.tests.test_vendor_backend_iteration18.TestWebhookVendorIntegration" name="test_webhook_creates_job_with_waiting_vendor_status" time="0.051" /><testcase classname="backend.tests.test_vendor_backend_iteration18.TestWebhookVendorIntegration" name="test_webhook_auto_links_vendor_id" time="0.045" /><testcase classname="backend.tests.test_vendor_backend_iteration18.TestWebhookVendorIntegration" name="test_webhook_creates_separate_job_for_reject" time="0.055" /><testcase classname="backend.tests.test_vendor_backend_iteration18.TestVendorOrderQueue" name="test_get_order_queue" time="0.054" /><testcase classname="backend.tests.test_vendor_backend_iteration18.TestVendorWorkflow" name="test_01_accept_order_transitions_to_vendor_accepted" time="0.051" /><testcase classname="backend.tests.test_vendor_backend_iteration18.TestVendorWorkflow" name="test_02_accept_again_returns_409" time="0.044" /><testcase classname="backend.tests.test_vendor_backend_iteration18.TestVendorWorkflow" name="test_03_mark_unavailable_items" time="0.047" /><testcase classname="backend.tests.test_vendor_backend_iteration18.TestVendorWorkflow" name="test_04_start_preparing_transitions_to_preparing" time="0.050" /><testcase classname="backend.tests.test_vendor_backend_iteration18.TestVendorWorkflow" name="test_05_mark_ready_transitions_to_ready_for_pickup" time="0.045" /><testcase classname="backend.tests.test_vendor_backend_iteration18.TestVendorWorkflow" name="test_06_assign_rider_from_ready_for_pickup_succeeds" time="0.051" /><testcase classname="backend.tests.test_vendor_backend_iteration18.TestVendorRejectFlow" name="test_reject_order_from_waiting_vendor" time="0.048" /><testcase classname="backend.tests.test_vendor_backend_iteration18.TestVendorRejectFlow" name="test_reject_already_rejected_returns_409" time="0.046" /><testcase classname="backend.tests.test_vendor_backend_iteration18.TestVendorRejectFlow" name="test_assign_rider_to_waiting_vendor_job_returns_409" time="0.097" /><testcase classname="backend.tests.test_vendor_backend_iteration18.TestVendorHistoryAndStats" name="test_get_order_history" time="0.063" /><testcase classname="backend.tests.test_vendor_backend_iteration18.TestVendorHistoryAndStats" name="test_get_stats" time="0.046" /><testcase classname="backend.tests.test_vendor_backend_iteration18.TestSuspendVendorRevokesSession" name="test_suspend_vendor_revokes_refresh_token" time="0.359" /><testcase classname="backend.tests.test_vendor_backend_iteration18.TestRegression" name="test_get_delivery_jobs_list" time="0.053" /><testcase classname="backend.tests.test_vendor_backend_iteration18.TestRegression" name="test_shopify_home_still_works" time="0.578" /><testcase classname="backend.tests.test_vendor_backend_iteration18.TestRegression" name="test_rider_auth_login_regression" time="0.306" /></testsuite></testsuites>