<?xml version="1.0" encoding="utf-8"?><testsuites name="pytest tests"><testsuite name="pytest" errors="0" failures="0" skipped="0" tests="31" time="9.967" timestamp="2026-07-20T20:10:43.528836+00:00" hostname="agent-env-7fbce911-7bc4-4cae-ac74-62e9ef7f08ce"><testcase classname="backend.tests.test_auth_endpoints.TestAuthorizeUrl" name="test_native_platform_returns_authorize_url" time="0.736" /><testcase classname="backend.tests.test_auth_endpoints.TestAuthorizeUrl" name="test_web_platform_rejected_with_400" time="0.141" /><testcase classname="backend.tests.test_auth_endpoints.TestAuthorizeUrl" name="test_missing_code_challenge_returns_422" time="0.128" /><testcase classname="backend.tests.test_auth_endpoints.TestProtectedEndpointsGuestAccess" name="test_me_requires_auth" time="0.151" /><testcase classname="backend.tests.test_auth_endpoints.TestProtectedEndpointsGuestAccess" name="test_addresses_get_requires_auth" time="0.098" /><testcase classname="backend.tests.test_auth_endpoints.TestProtectedEndpointsGuestAccess" name="test_addresses_post_requires_auth" time="0.176" /><testcase classname="backend.tests.test_auth_endpoints.TestProtectedEndpointsGuestAccess" name="test_me_with_garbage_token_returns_401" time="0.137" /><testcase classname="backend.tests.test_auth_endpoints.TestRefreshAndLogout" name="test_refresh_with_invalid_token_returns_error" time="0.181" /><testcase classname="backend.tests.test_auth_endpoints.TestRefreshAndLogout" name="test_logout_with_invalid_token_is_idempotent_ok" time="0.111" /><testcase classname="backend.tests.test_auth_endpoints.TestRefreshAndLogout" name="test_refresh_missing_field_returns_422" time="0.131" /><testcase classname="backend.tests.test_auth_endpoints.TestExistingShopifyCatalogRegression" name="test_home_endpoint" time="0.582" /><testcase classname="backend.tests.test_auth_endpoints.TestExistingShopifyCatalogRegression" name="test_categories_endpoint" time="0.129" /><testcase classname="backend.tests.test_auth_endpoints.TestExistingShopifyCatalogRegression" name="test_cart_create_still_works_guest" time="0.504" /><testcase classname="backend.tests.test_shopify_integration.TestHome" name="test_home_sections_200" time="0.122" /><testcase classname="backend.tests.test_shopify_integration.TestHome" name="test_home_rail_products_have_valid_fields" time="0.075" /><testcase classname="backend.tests.test_shopify_integration.TestCategories" name="test_categories_200_structure" time="0.071" /><testcase classname="backend.tests.test_shopify_integration.TestCollectionProducts" name="test_collection_products_valid_handle" time="0.284" /><testcase classname="backend.tests.test_shopify_integration.TestCollectionProducts" name="test_collection_products_invalid_handle_404" time="0.203" /><testcase classname="backend.tests.test_shopify_integration.TestCollectionProducts" name="test_collection_products_first_param_limit" time="0.073" /><testcase classname="backend.tests.test_shopify_integration.TestProductDetail" name="test_product_by_handle_valid" time="0.401" /><testcase classname="backend.tests.test_shopify_integration.TestProductDetail" name="test_product_by_handle_invalid_404" time="0.229" /><testcase classname="backend.tests.test_shopify_integration.TestSearch" name="test_search_returns_results" time="0.248" /><testcase classname="backend.tests.test_shopify_integration.TestSearch" name="test_search_no_results" time="0.236" /><testcase classname="backend.tests.test_shopify_integration.TestSearch" name="test_search_special_characters_no_crash" time="1.036" /><testcase classname="backend.tests.test_shopify_integration.TestSearch" name="test_search_missing_query_422" time="0.074" /><testcase classname="backend.tests.test_shopify_integration.TestCartLifecycle" name="test_full_cart_lifecycle" time="2.119" /><testcase classname="backend.tests.test_shopify_integration.TestCartLifecycle" name="test_get_cart_invalid_id_404_or_error" time="0.196" /><testcase classname="backend.tests.test_shopify_integration.TestCartLifecycle" name="test_create_cart_without_variant" time="0.388" /><testcase classname="backend.tests.test_shopify_integration.TestSecurity" name="test_token_not_in_any_response_body" time="0.667" /><testcase classname="backend.tests.test_shopify_integration.TestSecurity" name="test_token_not_in_backend_logs" time="0.007" /><testcase classname="backend.tests.test_shopify_integration.TestSecurity" name="test_no_shopify_domain_in_frontend_source" time="0.263" /></testsuite></testsuites>