<?xml version="1.0" encoding="utf-8"?><testsuites name="pytest tests"><testsuite name="pytest" errors="0" failures="0" skipped="0" tests="38" time="5.016" timestamp="2026-07-23T13:46:25.190736+00:00" hostname="agent-env-48077ed6-fbf7-40d7-a0f9-ada213a44f58"><testcase classname="backend.tests.test_rider_backend_iteration17.TestAdminRiderCreate" name="test_create_rider_success" time="0.397" /><testcase classname="backend.tests.test_rider_backend_iteration17.TestAdminRiderCreate" name="test_create_rider_duplicate_email_409" time="0.062" /><testcase classname="backend.tests.test_rider_backend_iteration17.TestAdminRiderCreate" name="test_create_rider_short_password_400" time="0.060" /><testcase classname="backend.tests.test_rider_backend_iteration17.TestRiderAuth" name="test_login_success" time="0.284" /><testcase classname="backend.tests.test_rider_backend_iteration17.TestRiderAuth" name="test_login_wrong_password_401" time="0.278" /><testcase classname="backend.tests.test_rider_backend_iteration17.TestRiderAuth" name="test_login_nonexistent_email_401" time="0.274" /><testcase classname="backend.tests.test_rider_backend_iteration17.TestRiderProfile" name="test_profile_with_valid_token" time="0.082" /><testcase classname="backend.tests.test_rider_backend_iteration17.TestRiderProfile" name="test_profile_without_auth_401" time="0.054" /><testcase classname="backend.tests.test_rider_backend_iteration17.TestRiderProfile" name="test_profile_malformed_token_401" time="0.050" /><testcase classname="backend.tests.test_rider_backend_iteration17.TestRiderStatus" name="test_update_status_online" time="0.060" /><testcase classname="backend.tests.test_rider_backend_iteration17.TestRiderStatus" name="test_update_status_busy" time="0.106" /><testcase classname="backend.tests.test_rider_backend_iteration17.TestRiderStatus" name="test_update_status_offline" time="0.068" /><testcase classname="backend.tests.test_rider_backend_iteration17.TestRiderStatus" name="test_update_status_without_auth_401" time="0.062" /><testcase classname="backend.tests.test_rider_backend_iteration17.TestPushToken" name="test_register_push_token" time="0.077" /><testcase classname="backend.tests.test_rider_backend_iteration17.TestPushToken" name="test_push_token_stored_on_rider" time="0.065" /><testcase classname="backend.tests.test_rider_backend_iteration17.TestRiderJob" name="test_current_job_null_when_none" time="0.057" /><testcase classname="backend.tests.test_rider_backend_iteration17.TestRiderJob" name="test_job_history_empty_initially" time="0.055" /><testcase classname="backend.tests.test_rider_backend_iteration17.TestRiderStats" name="test_stats_zero_counts_initially" time="0.055" /><testcase classname="backend.tests.test_rider_backend_iteration17.TestTokenRefresh" name="test_refresh_token_rotation" time="0.126" /><testcase classname="backend.tests.test_rider_backend_iteration17.TestTokenRefresh" name="test_refresh_invalid_token_401" time="0.059" /><testcase classname="backend.tests.test_rider_backend_iteration17.TestTokenRefresh" name="test_logout_revokes_token" time="0.401" /><testcase classname="backend.tests.test_rider_backend_iteration17.TestAdminRiderCRUD" name="test_list_riders" time="0.056" /><testcase classname="backend.tests.test_rider_backend_iteration17.TestAdminRiderCRUD" name="test_get_rider_admin_detail" time="0.058" /><testcase classname="backend.tests.test_rider_backend_iteration17.TestAdminRiderCRUD" name="test_update_rider" time="0.054" /><testcase classname="backend.tests.test_rider_backend_iteration17.TestAdminSuspendActivate" name="test_suspend_sets_inactive_and_offline" time="0.060" /><testcase classname="backend.tests.test_rider_backend_iteration17.TestAdminSuspendActivate" name="test_suspended_rider_login_returns_403" time="0.274" /><testcase classname="backend.tests.test_rider_backend_iteration17.TestAdminSuspendActivate" name="test_profile_with_old_token_returns_403" time="0.051" /><testcase classname="backend.tests.test_rider_backend_iteration17.TestAdminSuspendActivate" name="test_activate_sets_active" time="0.054" /><testcase classname="backend.tests.test_rider_backend_iteration17.TestAdminSuspendActivate" name="test_rider_can_login_after_activate" time="0.276" /><testcase classname="backend.tests.test_rider_backend_iteration17.TestAssignment" name="test_assign_rider_to_pending_job_via_admin" time="0.114" /><testcase classname="backend.tests.test_rider_backend_iteration17.TestAssignment" name="test_assign_same_job_again_returns_409" time="0.169" /><testcase classname="backend.tests.test_rider_backend_iteration17.TestAssignment" name="test_get_current_job_after_assignment" time="0.060" /><testcase classname="backend.tests.test_rider_backend_iteration17.TestAssignment" name="test_assign_via_delivery_router" time="0.213" /><testcase classname="backend.tests.test_rider_backend_iteration17.TestSoftDelete" name="test_soft_delete_rider" time="0.051" /><testcase classname="backend.tests.test_rider_backend_iteration17.TestSoftDelete" name="test_get_deleted_rider_returns_404" time="0.050" /><testcase classname="backend.tests.test_rider_backend_iteration17.TestRoleIsolation" name="test_customer_jwt_rejected_on_rider_profile" time="0.054" /><testcase classname="backend.tests.test_rider_backend_iteration17.TestRegression" name="test_shopify_home_still_works" time="0.565" /><testcase classname="backend.tests.test_rider_backend_iteration17.TestRegression" name="test_shopify_webhook_accepts_request" time="0.058" /></testsuite></testsuites>