<?xml version="1.0" encoding="utf-8"?><testsuites name="pytest tests"><testsuite name="pytest" errors="2" failures="0" skipped="0" tests="2" time="0.122" timestamp="2026-07-21T17:34:59.369795+00:00" hostname="agent-env-29cdc2f1-4f3e-40f8-b258-2cc7e72bf2b6"><testcase classname="" name="backend.tests.test_auth_endpoints" time="0.000"><error message="collection failure">backend/tests/test_auth_endpoints.py:12: in &lt;module&gt;
    BASE_URL = os.environ.get("EXPO_BACKEND_URL").rstrip("/")
               ^^^^^^^^^^^^^^^^^^^^^^^^^^^^^^^^^^^^^^^^^
E   AttributeError: 'NoneType' object has no attribute 'rstrip'</error></testcase><testcase classname="" name="backend.tests.test_shopify_integration" time="0.000"><error message="collection failure">backend/tests/test_shopify_integration.py:14: in &lt;module&gt;
    BASE_URL = os.environ.get('EXPO_BACKEND_URL').rstrip('/')
               ^^^^^^^^^^^^^^^^^^^^^^^^^^^^^^^^^^^^^^^^^
E   AttributeError: 'NoneType' object has no attribute 'rstrip'</error></testcase></testsuite></testsuites>