<?xml version="1.0" encoding="utf-8"?><testsuites name="pytest tests"><testsuite name="pytest" errors="0" failures="0" skipped="0" tests="46" time="3.561" timestamp="2026-07-24T16:11:49.713965+00:00" hostname="agent-env-48077ed6-fbf7-40d7-a0f9-ada213a44f58"><testcase classname="backend.tests.test_admin_backend.TestAdminAuth" name="test_login_success_super_admin" time="0.228" /><testcase classname="backend.tests.test_admin_backend.TestAdminAuth" name="test_login_wrong_password_returns_401" time="0.225" /><testcase classname="backend.tests.test_admin_backend.TestAdminAuth" name="test_login_unknown_email_returns_401" time="0.225" /><testcase classname="backend.tests.test_admin_backend.TestAdminAuth" name="test_ops_login_success" time="0.226" /><testcase classname="backend.tests.test_admin_backend.TestAdminAuth" name="test_refresh_token_rotation" time="0.230" /><testcase classname="backend.tests.test_admin_backend.TestAdminAuth" name="test_logout_revokes_refresh_token" time="0.456" /><testcase classname="backend.tests.test_admin_backend.TestAdminProfile" name="test_get_profile_with_valid_token" time="0.002" /><testcase classname="backend.tests.test_admin_backend.TestAdminProfile" name="test_get_profile_without_token_returns_401" time="0.001" /><testcase classname="backend.tests.test_admin_backend.TestAdminProfile" name="test_get_profile_with_invalid_token_returns_401" time="0.001" /><testcase classname="backend.tests.test_admin_backend.TestRoleIsolation" name="test_rider_token_on_admin_endpoint_returns_401" time="0.227" /><testcase classname="backend.tests.test_admin_backend.TestRoleIsolation" name="test_vendor_token_on_admin_endpoint_returns_401" time="0.227" /><testcase classname="backend.tests.test_admin_backend.TestRoleIsolation" name="test_riders_endpoint_requires_auth" time="0.001" /><testcase classname="backend.tests.test_admin_backend.TestRoleIsolation" name="test_vendors_endpoint_requires_auth" time="0.002" /><testcase classname="backend.tests.test_admin_backend.TestAdminManagement" name="test_list_admins_super_admin" time="0.003" /><testcase classname="backend.tests.test_admin_backend.TestAdminManagement" name="test_list_admins_ops_returns_403" time="0.228" /><testcase classname="backend.tests.test_admin_backend.TestAdminManagement" name="test_create_admin_super_admin" time="0.225" /><testcase classname="backend.tests.test_admin_backend.TestAdminManagement" name="test_create_admin_ops_returns_403" time="0.002" /><testcase classname="backend.tests.test_admin_backend.TestAdminManagement" name="test_suspend_admin" time="0.003" /><testcase classname="backend.tests.test_admin_backend.TestAdminManagement" name="test_activate_admin" time="0.002" /><testcase classname="backend.tests.test_admin_backend.TestAdminManagement" name="test_cleanup_created_admin" time="0.003" /><testcase classname="backend.tests.test_admin_backend.TestDashboard" name="test_dashboard_stats_super_admin" time="0.006" /><testcase classname="backend.tests.test_admin_backend.TestDashboard" name="test_dashboard_health" time="0.002" /><testcase classname="backend.tests.test_admin_backend.TestDashboard" name="test_dashboard_without_token_returns_401" time="0.001" /><testcase classname="backend.tests.test_admin_backend.TestAuditLogs" name="test_audit_logs_admin_can_view" time="0.003" /><testcase classname="backend.tests.test_admin_backend.TestAuditLogs" name="test_audit_logs_contain_admin_login" time="0.003" /><testcase classname="backend.tests.test_admin_backend.TestAuditLogs" name="test_audit_logs_ops_can_view" time="0.002" /><testcase classname="backend.tests.test_admin_backend.TestAuditLogs" name="test_audit_logs_without_token_returns_401" time="0.001" /><testcase classname="backend.tests.test_admin_backend.TestStoreManagement" name="test_list_stores" time="0.002" /><testcase classname="backend.tests.test_admin_backend.TestStoreManagement" name="test_create_store" time="0.003" /><testcase classname="backend.tests.test_admin_backend.TestStoreManagement" name="test_create_store_without_auth_returns_401" time="0.001" /><testcase classname="backend.tests.test_admin_backend.TestStoreManagement" name="test_update_store" time="0.002" /><testcase classname="backend.tests.test_admin_backend.TestRiderManagement" name="test_list_riders_admin" time="0.003" /><testcase classname="backend.tests.test_admin_backend.TestRiderManagement" name="test_suspend_rider_admin" time="0.003" /><testcase classname="backend.tests.test_admin_backend.TestRiderManagement" name="test_activate_rider_admin" time="0.002" /><testcase classname="backend.tests.test_admin_backend.TestRiderManagement" name="test_support_can_list_riders" time="0.003" /><testcase classname="backend.tests.test_admin_backend.TestRiderManagement" name="test_ops_cannot_suspend_rider" time="0.002" /><testcase classname="backend.tests.test_admin_backend.TestRiderManagement" name="test_audit_log_written_for_rider_suspend" time="0.003" /><testcase classname="backend.tests.test_admin_backend.TestVendorManagement" name="test_list_vendors_admin" time="0.003" /><testcase classname="backend.tests.test_admin_backend.TestVendorManagement" name="test_suspend_vendor_admin" time="0.003" /><testcase classname="backend.tests.test_admin_backend.TestVendorManagement" name="test_activate_vendor_back" time="0.003" /><testcase classname="backend.tests.test_admin_backend.TestDeliveryJobs" name="test_list_jobs_admin" time="0.006" /><testcase classname="backend.tests.test_admin_backend.TestDeliveryJobs" name="test_override_job_status_ops" time="0.002" /><testcase classname="backend.tests.test_admin_backend.TestDeliveryJobs" name="test_jobs_require_auth" time="0.001" /><testcase classname="backend.tests.test_admin_backend.TestRegressions" name="test_shopify_home_still_works" time="0.436" /><testcase classname="backend.tests.test_admin_backend.TestRegressions" name="test_rider_auth_login_still_works" time="0.226" /><testcase classname="backend.tests.test_admin_backend.TestRegressions" name="test_vendor_auth_login_still_works" time="0.226" /></testsuite></testsuites>