<?xml version="1.0" encoding="utf-8"?><testsuites name="pytest tests"><testsuite name="pytest" errors="0" failures="0" skipped="0" tests="12" time="0.610" timestamp="2026-07-22T11:23:42.275212+00:00" hostname="agent-env-29cdc2f1-4f3e-40f8-b258-2cc7e72bf2b6"><testcase classname="backend.tests.test_tracking.TestTrackingAuth" name="test_tracking_unauthenticated_returns_401" time="0.144" /><testcase classname="backend.tests.test_tracking.TestTrackingAuth" name="test_tracking_missing_id_param_returns_422_or_401" time="0.102" /><testcase classname="backend.tests.test_tracking.TestTrackingAuth" name="test_tracking_endpoint_exists" time="0.139" /><testcase classname="backend.tests.test_tracking.TestTrackingService" name="test_tracking_service_imports" time="0.162" /><testcase classname="backend.tests.test_tracking.TestTrackingService" name="test_build_stages_fulfilled_is_not_active" time="0.000" /><testcase classname="backend.tests.test_tracking.TestTrackingService" name="test_build_stages_cancelled_order" time="0.000" /><testcase classname="backend.tests.test_tracking.TestTrackingService" name="test_is_active_false_for_fulfilled" time="0.000" /><testcase classname="backend.tests.test_tracking.TestTrackingService" name="test_is_active_false_for_cancelled" time="0.000" /><testcase classname="backend.tests.test_tracking.TestTrackingSchema" name="test_tracking_stage_out_fields" time="0.000" /><testcase classname="backend.tests.test_tracking.TestTrackingSchema" name="test_tracking_status_out_fields" time="0.000" /><testcase classname="backend.tests.test_tracking.TestTrackingSchema" name="test_architecture_prep_comments_in_schemas" time="0.000" /><testcase classname="backend.tests.test_tracking.TestTrackingRouterMount" name="test_tracking_router_mounted_in_server" time="0.000" /></testsuite></testsuites>