<?xml version="1.0" encoding="utf-8"?><testsuites name="pytest tests"><testsuite name="pytest" errors="0" failures="0" skipped="0" tests="33" time="0.842" timestamp="2026-09-11T07:04:05.515687+00:00" hostname="agent-env-cd37da6e-b8f6-41d2-aae6-a6ac87cc4bf9"><testcase classname="backend.tests.test_multi_vendor_orchestration.TestLegacyMode" name="test_legacy_creates_single_job" time="0.008" /><testcase classname="backend.tests.test_multi_vendor_orchestration.TestLegacyMode" name="test_legacy_job_exists_in_delivery_jobs" time="0.002" /><testcase classname="backend.tests.test_multi_vendor_orchestration.TestLegacyMode" name="test_legacy_job_has_all_items" time="0.001" /><testcase classname="backend.tests.test_multi_vendor_orchestration.TestLegacyMode" name="test_legacy_idempotent_same_webhook_id" time="0.002" /><testcase classname="backend.tests.test_multi_vendor_orchestration.TestSingleVendorMatched" name="test_single_vendor_creates_one_job" time="0.456" /><testcase classname="backend.tests.test_multi_vendor_orchestration.TestSingleVendorMatched" name="test_single_vendor_job_has_correct_items" time="0.002" /><testcase classname="backend.tests.test_multi_vendor_orchestration.TestSingleVendorMatched" name="test_single_vendor_job_status_waiting_vendor" time="0.001" /><testcase classname="backend.tests.test_multi_vendor_orchestration.TestSingleVendorMatched" name="test_single_vendor_parent_order_created" time="0.002" /><testcase classname="backend.tests.test_multi_vendor_orchestration.TestTwoVendors" name="test_two_vendors_creates_two_jobs" time="0.233" /><testcase classname="backend.tests.test_multi_vendor_orchestration.TestTwoVendors" name="test_two_vendors_job_a_has_correct_item" time="0.002" /><testcase classname="backend.tests.test_multi_vendor_orchestration.TestTwoVendors" name="test_two_vendors_job_b_has_correct_item" time="0.001" /><testcase classname="backend.tests.test_multi_vendor_orchestration.TestTwoVendors" name="test_two_vendors_jobs_share_shopify_order_id" time="0.003" /><testcase classname="backend.tests.test_multi_vendor_orchestration.TestTwoVendors" name="test_two_vendors_jobs_have_different_vendor_ids" time="0.003" /><testcase classname="backend.tests.test_multi_vendor_orchestration.TestSameVendorGrouping" name="test_same_vendor_three_items_one_job" time="0.005" /><testcase classname="backend.tests.test_multi_vendor_orchestration.TestSameVendorGrouping" name="test_same_vendor_job_has_all_three_items" time="0.001" /><testcase classname="backend.tests.test_multi_vendor_orchestration.TestMissingVendorField" name="test_mixed_order_creates_job_for_known_vendor_only" time="0.004" /><testcase classname="backend.tests.test_multi_vendor_orchestration.TestMissingVendorField" name="test_missing_vendor_job_has_only_known_item" time="0.001" /><testcase classname="backend.tests.test_multi_vendor_orchestration.TestMissingVendorField" name="test_missing_vendor_no_job_for_unknown_item" time="0.003" /><testcase classname="backend.tests.test_multi_vendor_orchestration.TestUnmatchedVendor" name="test_unmatched_vendor_no_job_created" time="0.003" /><testcase classname="backend.tests.test_multi_vendor_orchestration.TestUnmatchedVendor" name="test_unmatched_vendor_no_delivery_job_in_db" time="0.003" /><testcase classname="backend.tests.test_multi_vendor_orchestration.TestIdempotentSameWebhookId" name="test_duplicate_webhook_id_returns_duplicate" time="0.006" /><testcase classname="backend.tests.test_multi_vendor_orchestration.TestIdempotentDifferentWebhookId" name="test_first_delivery" time="0.004" /><testcase classname="backend.tests.test_multi_vendor_orchestration.TestIdempotentDifferentWebhookId" name="test_second_delivery_same_order_different_webhook" time="0.002" /><testcase classname="backend.tests.test_multi_vendor_orchestration.TestIdempotentDifferentWebhookId" name="test_no_duplicate_jobs_in_db" time="0.003" /><testcase classname="backend.tests.test_multi_vendor_orchestration.TestMultiVendorCancel" name="test_setup_create_two_vendor_order" time="0.006" /><testcase classname="backend.tests.test_multi_vendor_orchestration.TestMultiVendorCancel" name="test_orders_cancelled_cancels_both_jobs" time="0.004" /><testcase classname="backend.tests.test_multi_vendor_orchestration.TestMultiVendorCancel" name="test_both_jobs_are_cancelled_in_db" time="0.002" /><testcase classname="backend.tests.test_multi_vendor_orchestration.TestExistingFlowRegression" name="test_regression_job_created_with_correct_fields" time="0.004" /><testcase classname="backend.tests.test_multi_vendor_orchestration.TestExistingFlowRegression" name="test_regression_job_has_delivery_address" time="0.001" /><testcase classname="backend.tests.test_multi_vendor_orchestration.TestExistingFlowRegression" name="test_regression_job_has_delivery_instructions" time="0.001" /><testcase classname="backend.tests.test_multi_vendor_orchestration.TestExistingFlowRegression" name="test_regression_cancel_via_webhook" time="0.003" /><testcase classname="backend.tests.test_multi_vendor_orchestration.TestExistingFlowRegression" name="test_regression_job_is_cancelled_in_db" time="0.001" /><testcase classname="backend.tests.test_multi_vendor_orchestration.TestExistingFlowRegression" name="test_regression_idempotent_cancel" time="0.007" /></testsuite></testsuites>